SF:d:\Development\dotnet\login.binggl.net.core\Login.Api\Program.cs
FN:14,System.Void Login.Api.Program::Main(System.String[])
FNDA:0,System.Void Login.Api.Program::Main(System.String[])
DA:15,0
DA:16,0
DA:17,0
FN:19,Microsoft.AspNetCore.Hosting.IWebHostBuilder Login.Api.Program::CreateWebHostBuilder(System.String[])
FNDA:0,Microsoft.AspNetCore.Hosting.IWebHostBuilder Login.Api.Program::CreateWebHostBuilder(System.String[])
DA:20,0
DA:21,0
DA:23,0
DA:24,0
DA:25,0
DA:26,0
DA:27,0
DA:28,0
DA:30,0
DA:31,0
DA:33,0
DA:34,0
DA:36,0
DA:38,0
DA:39,0
DA:40,0
DA:42,0
DA:43,0
DA:44,0
DA:45,0
DA:46,0
DA:47,0
BRDA:21,12,0,0
BRDA:21,12,1,0
BRDA:30,99,0,0
BRDA:30,99,1,0
LF:25
LH:0
BRF:4
BRH:0
FNF:2
FNH:0
end_of_record
SF:d:\Development\dotnet\login.binggl.net.core\Login.Api\Infrastructure\Middleware\JwtProcessor.cs
FN:27,System.Void Login.Api.Infrastructure.Middleware.JwtProcessor::.ctor(Microsoft.AspNetCore.Http.RequestDelegate,Microsoft.Extensions.Logging.ILogger`1<Login.Api.Infrastructure.Middleware.JwtProcessor>,Microsoft.Extensions.Options.IOptions`1<Login.Api.Infrastructure.Configuration.ApplicationConfiguration>)
FNDA:0,System.Void Login.Api.Infrastructure.Middleware.JwtProcessor::.ctor(Microsoft.AspNetCore.Http.RequestDelegate,Microsoft.Extensions.Logging.ILogger`1<Login.Api.Infrastructure.Middleware.JwtProcessor>,Microsoft.Extensions.Options.IOptions`1<Login.Api.Infrastructure.Configuration.ApplicationConfiguration>)
DA:28,0
DA:29,0
DA:30,0
DA:31,0
DA:32,0
DA:33,0
DA:34,0
DA:35,0
DA:36,0
DA:37,0
BRDA:32,24,0,0
BRDA:32,24,1,0
BRDA:32,36,0,0
BRDA:32,36,1,0
BRDA:32,48,0,0
BRDA:32,48,1,0
BRDA:32,60,0,0
BRDA:32,60,1,0
BRDA:33,75,0,0
BRDA:33,75,1,0
BRDA:33,87,0,0
BRDA:33,87,1,0
BRDA:33,99,0,0
BRDA:33,99,1,0
BRDA:33,111,0,0
BRDA:33,111,1,0
BRDA:34,126,0,0
BRDA:34,126,1,0
BRDA:34,138,0,0
BRDA:34,138,1,0
BRDA:34,150,0,0
BRDA:34,150,1,0
BRDA:34,162,0,0
BRDA:34,162,1,0
BRDA:35,177,0,0
BRDA:35,177,1,0
BRDA:35,189,0,0
BRDA:35,189,1,0
BRDA:35,201,0,0
BRDA:35,201,1,0
BRDA:35,213,0,0
BRDA:35,213,1,0
BRDA:36,228,0,0
BRDA:36,228,1,0
BRDA:36,248,0,0
BRDA:36,248,1,0
BRDA:36,268,0,0
BRDA:36,268,1,0
FN:38,System.Void Login.Api.Infrastructure.Middleware.JwtProcessor::.ctor(Microsoft.AspNetCore.Http.RequestDelegate,Microsoft.Extensions.Logging.ILogger`1<Login.Api.Infrastructure.Middleware.JwtProcessor>,System.String,System.String,System.String,System.String,System.Int32)
FNDA:0,System.Void Login.Api.Infrastructure.Middleware.JwtProcessor::.ctor(Microsoft.AspNetCore.Http.RequestDelegate,Microsoft.Extensions.Logging.ILogger`1<Login.Api.Infrastructure.Middleware.JwtProcessor>,System.String,System.String,System.String,System.String,System.Int32)
DA:39,0
DA:40,0
DA:41,0
DA:42,0
DA:43,0
DA:44,0
DA:45,0
DA:46,0
DA:47,0
DA:48,0
FN:68,System.Boolean Login.Api.Infrastructure.Middleware.JwtProcessor/<>c::<Invoke>b__9_0(System.Security.Claims.Claim)
FNDA:0,System.Boolean Login.Api.Infrastructure.Middleware.JwtProcessor/<>c::<Invoke>b__9_0(System.Security.Claims.Claim)
DA:69,0
FN:73,System.String Login.Api.Infrastructure.Middleware.JwtProcessor/<>c::<Invoke>b__9_1(Login.Api.Features.Shared.Models.UserSite)
FNDA:0,System.String Login.Api.Infrastructure.Middleware.JwtProcessor/<>c::<Invoke>b__9_1(Login.Api.Features.Shared.Models.UserSite)
DA:74,0
FN:86,System.Boolean Login.Api.Infrastructure.Middleware.JwtProcessor/<>c::<Invoke>b__9_2(System.Security.Claims.Claim)
FNDA:0,System.Boolean Login.Api.Infrastructure.Middleware.JwtProcessor/<>c::<Invoke>b__9_2(System.Security.Claims.Claim)
DA:87,0
FN:88,System.Boolean Login.Api.Infrastructure.Middleware.JwtProcessor/<>c::<Invoke>b__9_3(System.Security.Claims.Claim)
FNDA:0,System.Boolean Login.Api.Infrastructure.Middleware.JwtProcessor/<>c::<Invoke>b__9_3(System.Security.Claims.Claim)
DA:89,0
FN:89,System.Boolean Login.Api.Infrastructure.Middleware.JwtProcessor/<>c::<Invoke>b__9_4(System.Security.Claims.Claim)
FNDA:0,System.Boolean Login.Api.Infrastructure.Middleware.JwtProcessor/<>c::<Invoke>b__9_4(System.Security.Claims.Claim)
DA:90,0
FN:50,System.Void Login.Api.Infrastructure.Middleware.JwtProcessor/<Invoke>d__9::MoveNext()
FNDA:0,System.Void Login.Api.Infrastructure.Middleware.JwtProcessor/<Invoke>d__9::MoveNext()
DA:51,0
DA:52,0
DA:55,0
DA:56,0
DA:57,0
DA:61,0
DA:62,0
DA:63,0
DA:64,0
DA:66,0
DA:68,0
DA:70,0
DA:72,0
DA:73,0
DA:75,0
DA:76,0
DA:77,0
DA:78,0
DA:79,0
DA:80,0
DA:81,0
DA:82,0
DA:83,0
DA:84,0
DA:85,0
DA:86,0
DA:88,0
DA:91,0
DA:92,0
DA:94,0
DA:95,0
DA:96,0
DA:97,0
DA:98,0
DA:99,0
DA:100,0
DA:101,0
DA:104,0
DA:106,0
DA:107,0
DA:108,0
DA:109,0
DA:110,0
DA:111,0
DA:112,0
DA:113,0
DA:114,0
DA:115,0
DA:116,0
DA:117,0
DA:119,0
DA:121,0
DA:122,0
DA:123,0
DA:124,0
DA:125,0
DA:127,0
DA:128,0
DA:129,0
DA:130,0
DA:131,0
DA:132,0
DA:133,0
DA:134,0
DA:137,0
DA:138,0
BRDA:51,14,0,0
BRDA:52,97,0,0
BRDA:56,118,0,0
BRDA:56,136,0,0
BRDA:56,118,1,0
BRDA:56,136,1,0
BRDA:56,164,0,0
BRDA:62,221,0,0
BRDA:69,342,0,0
BRDA:69,342,1,0
BRDA:69,378,0,0
BRDA:69,378,1,0
BRDA:70,425,0,0
BRDA:52,97,1,0
BRDA:70,425,1,0
BRDA:72,540,0,0
BRDA:74,564,0,0
BRDA:74,564,1,0
BRDA:76,816,0,0
BRDA:76,816,1,0
BRDA:76,852,0,0
BRDA:76,852,1,0
BRDA:76,900,0,0
BRDA:76,900,1,0
BRDA:76,936,0,0
BRDA:76,936,1,0
BRDA:76,966,0,0
BRDA:76,966,1,0
BRDA:76,1002,0,0
BRDA:76,1002,1,0
BRDA:95,1086,0,0
BRDA:97,1131,0,0
BRDA:97,1131,1,0
BRDA:95,1086,1,0
BRDA:72,540,1,0
BRDA:62,221,1,0
BRDA:56,164,1,0
BRDA:137,1541,0,0
BRDA:51,14,1,0
BRDA:137,1541,1,0
FN:143,Microsoft.AspNetCore.Builder.IApplicationBuilder Login.Api.Infrastructure.Middleware.JwtProcessorMiddlewareExtension::UseJwtProcessor(Microsoft.AspNetCore.Builder.IApplicationBuilder)
FNDA:0,Microsoft.AspNetCore.Builder.IApplicationBuilder Login.Api.Infrastructure.Middleware.JwtProcessorMiddlewareExtension::UseJwtProcessor(Microsoft.AspNetCore.Builder.IApplicationBuilder)
DA:144,0
DA:145,0
DA:146,0
LF:94
LH:0
BRF:78
BRH:0
FNF:9
FNH:0
end_of_record
SF:d:\Development\dotnet\login.binggl.net.core\Login.Api\Infrastructure\Configuration\ApplicationConfiguration.cs
FN:9,Login.Api.Infrastructure.Configuration.AuthenticationConfiguration Login.Api.Infrastructure.Configuration.ApplicationConfiguration::get_Authentication()
FNDA:0,Login.Api.Infrastructure.Configuration.AuthenticationConfiguration Login.Api.Infrastructure.Configuration.ApplicationConfiguration::get_Authentication()
DA:10,0
FN:10,Login.Api.Infrastructure.Configuration.JwtConfiguration Login.Api.Infrastructure.Configuration.ApplicationConfiguration::get_Jwt()
FNDA:0,Login.Api.Infrastructure.Configuration.JwtConfiguration Login.Api.Infrastructure.Configuration.ApplicationConfiguration::get_Jwt()
DA:11,0
FN:6,System.Void Login.Api.Infrastructure.Configuration.ApplicationConfiguration::.ctor()
FNDA:0,System.Void Login.Api.Infrastructure.Configuration.ApplicationConfiguration::.ctor()
DA:7,0
DA:8,0
LF:4
LH:0
BRF:0
BRH:0
FNF:3
FNH:0
end_of_record
SF:d:\Development\dotnet\login.binggl.net.core\Login.Api\Infrastructure\Configuration\AuthenticationConfiguration.cs
FN:7,System.String Login.Api.Infrastructure.Configuration.AuthenticationConfiguration::get_CookieName()
FNDA:0,System.String Login.Api.Infrastructure.Configuration.AuthenticationConfiguration::get_CookieName()
DA:8,0
FN:8,System.Int32 Login.Api.Infrastructure.Configuration.AuthenticationConfiguration::get_CookieExpiryDays()
FNDA:0,System.Int32 Login.Api.Infrastructure.Configuration.AuthenticationConfiguration::get_CookieExpiryDays()
DA:9,0
FN:9,System.String Login.Api.Infrastructure.Configuration.AuthenticationConfiguration::get_GoogleClientId()
FNDA:0,System.String Login.Api.Infrastructure.Configuration.AuthenticationConfiguration::get_GoogleClientId()
DA:10,0
FN:10,System.String Login.Api.Infrastructure.Configuration.AuthenticationConfiguration::get_GoogleClientSecret()
FNDA:0,System.String Login.Api.Infrastructure.Configuration.AuthenticationConfiguration::get_GoogleClientSecret()
DA:11,0
FN:4,System.Void Login.Api.Infrastructure.Configuration.AuthenticationConfiguration::.ctor()
FNDA:0,System.Void Login.Api.Infrastructure.Configuration.AuthenticationConfiguration::.ctor()
DA:5,0
DA:6,0
LF:6
LH:0
BRF:0
BRH:0
FNF:5
FNH:0
end_of_record
SF:d:\Development\dotnet\login.binggl.net.core\Login.Api\Infrastructure\Configuration\JwtConfiguration.cs
FN:11,System.String Login.Api.Infrastructure.Configuration.JwtConfiguration::get_TokenSecret()
FNDA:0,System.String Login.Api.Infrastructure.Configuration.JwtConfiguration::get_TokenSecret()
DA:12,0
FN:12,System.String Login.Api.Infrastructure.Configuration.JwtConfiguration::get_CookieName()
FNDA:0,System.String Login.Api.Infrastructure.Configuration.JwtConfiguration::get_CookieName()
DA:13,0
FN:13,System.String Login.Api.Infrastructure.Configuration.JwtConfiguration::get_CookieDomain()
FNDA:0,System.String Login.Api.Infrastructure.Configuration.JwtConfiguration::get_CookieDomain()
DA:14,0
FN:14,System.String Login.Api.Infrastructure.Configuration.JwtConfiguration::get_CookiePath()
FNDA:0,System.String Login.Api.Infrastructure.Configuration.JwtConfiguration::get_CookiePath()
DA:15,0
FN:15,System.Int32 Login.Api.Infrastructure.Configuration.JwtConfiguration::get_CookieExpiryDays()
FNDA:0,System.Int32 Login.Api.Infrastructure.Configuration.JwtConfiguration::get_CookieExpiryDays()
DA:16,0
FN:8,System.Void Login.Api.Infrastructure.Configuration.JwtConfiguration::.ctor()
FNDA:0,System.Void Login.Api.Infrastructure.Configuration.JwtConfiguration::.ctor()
DA:9,0
DA:10,0
LF:7
LH:0
BRF:0
BRH:0
FNF:6
FNH:0
end_of_record
SF:d:\Development\dotnet\login.binggl.net.core\Login.Api\Features\User\LoginService.cs
FN:76,System.Void Login.Api.Features.User.LoginService::SaveLoginSession(System.String,System.String,Login.Api.Features.Shared.Models.LoginType)
FNDA:0,System.Void Login.Api.Features.User.LoginService::SaveLoginSession(System.String,System.String,Login.Api.Features.Shared.Models.LoginType)
DA:77,0
DA:78,0
DA:79,0
DA:81,0
DA:82,0
DA:84,0
DA:85,0
DA:86,0
DA:87,0
DA:88,0
DA:89,0
DA:90,0
DA:91,0
DA:92,0
DA:94,0
DA:95,0
DA:96,0
DA:97,0
DA:98,0
DA:99,0
DA:100,0
DA:101,0
DA:103,0
DA:105,0
DA:106,0
DA:108,0
FN:110,System.Boolean Login.Api.Features.User.LoginService::SaveSiteList(System.Collections.Generic.List`1<Login.Api.Features.Shared.Models.UserSite>,System.Collections.Generic.List`1<Login.Api.Features.Shared.Models.UserSite>)
FNDA:1,System.Boolean Login.Api.Features.User.LoginService::SaveSiteList(System.Collections.Generic.List`1<Login.Api.Features.Shared.Models.UserSite>,System.Collections.Generic.List`1<Login.Api.Features.Shared.Models.UserSite>)
DA:111,1
DA:112,1
DA:114,1
DA:115,1
DA:116,1
DA:117,1
DA:119,1
DA:120,7
DA:121,2
DA:122,2
DA:123,2
DA:124,1
DA:125,1
DA:126,1
DA:127,2
DA:129,1
DA:130,0
DA:131,0
DA:132,0
DA:133,0
DA:134,0
DA:135,0
DA:136,0
DA:137,0
DA:138,0
DA:139,0
DA:140,1
DA:141,1
DA:142,1
DA:144,1
DA:145,0
DA:147,0
DA:149,0
DA:150,0
DA:151,0
DA:153,0
DA:155,0
DA:156,0
DA:157,0
DA:158,1
DA:159,1
DA:160,0
DA:161,0
DA:162,0
DA:163,0
DA:165,0
DA:167,1
DA:168,1
DA:170,1
DA:171,1
BRDA:120,256,1,2
BRDA:123,220,0,1
BRDA:123,220,1,2
BRDA:120,256,0,1
BRDA:129,286,0,0
BRDA:131,503,1,0
BRDA:134,472,0,0
BRDA:134,472,1,0
BRDA:131,503,0,0
BRDA:129,286,1,1
BRDA:144,577,0,0
BRDA:150,626,0,0
BRDA:150,626,1,0
BRDA:144,577,1,1
FN:173,System.Boolean Login.Api.Features.User.LoginService::IsValidRedirectUrl(Login.Api.Features.Shared.Models.User,System.String,System.String)
FNDA:0,System.Boolean Login.Api.Features.User.LoginService::IsValidRedirectUrl(Login.Api.Features.Shared.Models.User,System.String,System.String)
DA:174,0
DA:175,0
DA:177,0
DA:180,0
DA:181,0
DA:182,0
DA:183,0
DA:187,0
DA:188,0
DA:190,0
DA:191,0
DA:192,0
DA:193,0
DA:195,0
DA:198,0
DA:199,0
DA:200,0
DA:201,0
DA:203,0
DA:205,0
DA:206,0
DA:207,0
DA:208,0
DA:210,0
DA:211,0
DA:213,0
DA:215,0
DA:216,0
BRDA:181,87,0,0
BRDA:190,142,0,0
BRDA:190,163,0,0
BRDA:190,142,1,0
BRDA:190,163,1,0
BRDA:190,188,0,0
BRDA:199,242,0,0
BRDA:199,242,1,0
BRDA:205,272,0,0
BRDA:205,272,1,0
BRDA:190,188,1,0
BRDA:181,87,1,0
FN:33,System.Void Login.Api.Features.User.LoginService::.ctor(Login.Api.Features.Shared.Persistence.LoginContext,Microsoft.Extensions.Caching.Memory.IMemoryCache,Microsoft.Extensions.Logging.ILogger`1<Login.Api.Features.User.LoginService>)
FNDA:3,System.Void Login.Api.Features.User.LoginService::.ctor(Login.Api.Features.Shared.Persistence.LoginContext,Microsoft.Extensions.Caching.Memory.IMemoryCache,Microsoft.Extensions.Logging.ILogger`1<Login.Api.Features.User.LoginService>)
DA:34,3
DA:35,3
DA:36,3
DA:37,3
DA:38,3
DA:39,3
FN:31,System.Void Login.Api.Features.User.LoginService::.cctor()
FNDA:1,System.Void Login.Api.Features.User.LoginService::.cctor()
DA:32,1
FN:51,System.Threading.Tasks.Task`1<Login.Api.Features.Shared.Models.User> Login.Api.Features.User.LoginService/<>c__DisplayClass6_0::<GetUserByEmail>b__2(Microsoft.Extensions.Caching.Memory.ICacheEntry)
FNDA:0,System.Threading.Tasks.Task`1<Login.Api.Features.Shared.Models.User> Login.Api.Features.User.LoginService/<>c__DisplayClass6_0::<GetUserByEmail>b__2(Microsoft.Extensions.Caching.Memory.ICacheEntry)
DA:52,0
DA:53,0
DA:54,0
DA:55,0
FN:41,System.Void Login.Api.Features.User.LoginService/<GetUserByEmail>d__6::MoveNext()
FNDA:3,System.Void Login.Api.Features.User.LoginService/<GetUserByEmail>d__6::MoveNext()
DA:42,3
DA:43,3
DA:44,3
DA:46,3
DA:47,3
DA:48,3
DA:51,0
DA:56,0
DA:57,3
BRDA:42,14,0,3
BRDA:46,322,0,3
BRDA:48,368,1,3
FN:68,System.Threading.Tasks.Task`1<Login.Api.Features.Shared.Models.UserSite> Login.Api.Features.User.LoginService/<>c__DisplayClass7_0::<GetSiteById>b__1(Microsoft.Extensions.Caching.Memory.ICacheEntry)
FNDA:0,System.Threading.Tasks.Task`1<Login.Api.Features.Shared.Models.UserSite> Login.Api.Features.User.LoginService/<>c__DisplayClass7_0::<GetSiteById>b__1(Microsoft.Extensions.Caching.Memory.ICacheEntry)
DA:69,0
DA:70,0
DA:71,0
DA:72,0
FN:59,System.Void Login.Api.Features.User.LoginService/<GetSiteById>d__7::MoveNext()
FNDA:1,System.Void Login.Api.Features.User.LoginService/<GetSiteById>d__7::MoveNext()
DA:60,1
DA:61,1
DA:63,1
DA:64,1
DA:65,1
DA:68,0
DA:73,0
DA:74,1
BRDA:60,14,0,1
BRDA:63,210,0,1
BRDA:65,256,1,1
LF:136
LH:46
BRF:32
BRH:12
FNF:9
FNH:5
end_of_record
SF:d:\Development\dotnet\login.binggl.net.core\Login.Api\Features\User\UserApiController.cs
FN:123,Login.Api.Features.Shared.ViewModels.UserInfo Login.Api.Features.User.UserApiController::GetUserInfo(Login.Api.Features.Shared.Models.User)
FNDA:0,Login.Api.Features.Shared.ViewModels.UserInfo Login.Api.Features.User.UserApiController::GetUserInfo(Login.Api.Features.Shared.Models.User)
DA:124,0
DA:125,0
DA:126,0
DA:127,0
DA:128,0
DA:129,0
DA:130,0
DA:131,0
DA:132,0
DA:133,0
DA:134,0
DA:135,0
DA:136,0
DA:137,0
BRDA:125,13,0,0
BRDA:125,13,1,0
BRDA:126,84,0,0
BRDA:126,84,1,0
FN:28,System.Void Login.Api.Features.User.UserApiController::.ctor(Microsoft.Extensions.Logging.ILogger`1<Login.Api.Features.User.UserApiController>,Login.Api.Features.User.ILoginService,Microsoft.Extensions.Options.IOptions`1<Login.Api.Infrastructure.Configuration.ApplicationConfiguration>)
FNDA:0,System.Void Login.Api.Features.User.UserApiController::.ctor(Microsoft.Extensions.Logging.ILogger`1<Login.Api.Features.User.UserApiController>,Login.Api.Features.User.ILoginService,Microsoft.Extensions.Options.IOptions`1<Login.Api.Infrastructure.Configuration.ApplicationConfiguration>)
DA:29,0
DA:30,0
DA:31,0
DA:32,0
DA:33,0
DA:34,0
FN:37,System.Void Login.Api.Features.User.UserApiController/<Get>d__4::MoveNext()
FNDA:0,System.Void Login.Api.Features.User.UserApiController/<Get>d__4::MoveNext()
DA:38,0
DA:39,0
DA:41,0
DA:42,0
DA:43,0
BRDA:41,138,0,0
BRDA:41,138,1,0
FN:106,System.Boolean Login.Api.Features.User.UserApiController/<>c__DisplayClass5_0::<Save>b__5(Login.Api.Features.Shared.Models.UserSite)
FNDA:0,System.Boolean Login.Api.Features.User.UserApiController/<>c__DisplayClass5_0::<Save>b__5(Login.Api.Features.Shared.Models.UserSite)
DA:107,0
DA:108,0
BRDA:107,17,0,0
BRDA:107,36,0,0
BRDA:107,17,1,0
BRDA:107,36,1,0
FN:64,System.Boolean Login.Api.Features.User.UserApiController/<>c::<Save>b__5_0(Login.Api.Features.Shared.ViewModels.SiteInfo)
FNDA:0,System.Boolean Login.Api.Features.User.UserApiController/<>c::<Save>b__5_0(Login.Api.Features.Shared.ViewModels.SiteInfo)
DA:65,0
FN:65,System.Boolean Login.Api.Features.User.UserApiController/<>c::<Save>b__5_2(Login.Api.Features.Shared.ViewModels.SiteInfo)
FNDA:0,System.Boolean Login.Api.Features.User.UserApiController/<>c::<Save>b__5_2(Login.Api.Features.Shared.ViewModels.SiteInfo)
DA:66,0
FN:66,System.Boolean Login.Api.Features.User.UserApiController/<>c::<Save>b__5_3(Login.Api.Features.Shared.ViewModels.SiteInfo)
FNDA:0,System.Boolean Login.Api.Features.User.UserApiController/<>c::<Save>b__5_3(Login.Api.Features.Shared.ViewModels.SiteInfo)
DA:67,0
FN:67,System.String Login.Api.Features.User.UserApiController/<>c::<Save>b__5_4(Login.Api.Features.Shared.Models.UserSite)
FNDA:0,System.String Login.Api.Features.User.UserApiController/<>c::<Save>b__5_4(Login.Api.Features.Shared.Models.UserSite)
DA:68,0
FN:46,System.Void Login.Api.Features.User.UserApiController/<Save>d__5::MoveNext()
FNDA:0,System.Void Login.Api.Features.User.UserApiController/<Save>d__5::MoveNext()
DA:47,0
DA:48,0
DA:50,0
DA:51,0
DA:52,0
DA:55,0
DA:56,0
DA:57,0
DA:58,0
DA:61,0
DA:62,0
DA:63,0
DA:69,0
DA:71,0
DA:72,0
DA:73,0
DA:74,0
DA:75,0
DA:76,0
DA:77,0
DA:78,0
DA:79,0
DA:80,0
DA:81,0
DA:83,0
DA:84,0
DA:85,0
DA:86,0
DA:87,0
DA:88,0
DA:89,0
DA:91,0
DA:92,0
DA:94,0
DA:95,0
DA:96,0
DA:97,0
DA:98,0
DA:99,0
DA:101,0
DA:102,0
DA:105,0
DA:106,0
DA:109,0
DA:110,0
DA:111,0
DA:116,0
DA:117,0
DA:118,0
DA:120,0
DA:121,0
BRDA:50,157,0,0
BRDA:50,157,1,0
BRDA:55,228,0,0
BRDA:55,228,1,0
BRDA:56,343,0,0
BRDA:56,343,1,0
BRDA:61,384,0,0
BRDA:61,384,1,0
BRDA:61,412,0,0
BRDA:65,458,0,0
BRDA:65,458,1,0
BRDA:65,494,0,0
BRDA:65,494,1,0
BRDA:66,547,0,0
BRDA:66,547,1,0
BRDA:67,600,0,0
BRDA:67,600,1,0
BRDA:68,653,0,0
BRDA:68,653,1,0
BRDA:71,1037,1,0
BRDA:73,803,0,0
BRDA:71,732,1,0
BRDA:73,803,1,0
BRDA:74,920,0,0
BRDA:74,920,1,0
BRDA:71,732,0,0
BRDA:71,1037,0,0
BRDA:83,1259,1,0
BRDA:83,1259,0,0
BRDA:95,1559,1,0
BRDA:97,1396,0,0
BRDA:95,1330,1,0
BRDA:97,1396,1,0
BRDA:98,1513,0,0
BRDA:98,1513,1,0
BRDA:95,1330,0,0
BRDA:95,1559,0,0
BRDA:102,1674,0,0
BRDA:102,1674,1,0
BRDA:109,1889,0,0
BRDA:109,1889,1,0
BRDA:61,412,1,0
LF:82
LH:0
BRF:52
BRH:0
FNF:9
FNH:0
end_of_record
SF:d:\Development\dotnet\login.binggl.net.core\Login.Api\Features\Shared\ViewModels\LoginInfo.cs
FN:14,Login.Api.Features.Shared.ViewModels.LoginState Login.Api.Features.Shared.ViewModels.LoginInfo::get_State()
FNDA:0,Login.Api.Features.Shared.ViewModels.LoginState Login.Api.Features.Shared.ViewModels.LoginInfo::get_State()
DA:15,0
FN:15,System.String Login.Api.Features.Shared.ViewModels.LoginInfo::get_Error()
FNDA:0,System.String Login.Api.Features.Shared.ViewModels.LoginInfo::get_Error()
DA:16,0
FN:16,System.String Login.Api.Features.Shared.ViewModels.LoginInfo::get_Success()
FNDA:0,System.String Login.Api.Features.Shared.ViewModels.LoginInfo::get_Success()
DA:17,0
LF:3
LH:0
BRF:0
BRH:0
FNF:3
FNH:0
end_of_record
SF:d:\Development\dotnet\login.binggl.net.core\Login.Api\Features\Shared\ViewModels\SiteInfo.cs
FN:14,System.String Login.Api.Features.Shared.ViewModels.SiteInfo::get_Id()
FNDA:0,System.String Login.Api.Features.Shared.ViewModels.SiteInfo::get_Id()
DA:15,0
FN:15,System.String Login.Api.Features.Shared.ViewModels.SiteInfo::get_Name()
FNDA:0,System.String Login.Api.Features.Shared.ViewModels.SiteInfo::get_Name()
DA:16,0
FN:16,System.String Login.Api.Features.Shared.ViewModels.SiteInfo::get_Url()
FNDA:0,System.String Login.Api.Features.Shared.ViewModels.SiteInfo::get_Url()
DA:17,0
FN:17,System.Collections.Generic.List`1<System.String> Login.Api.Features.Shared.ViewModels.SiteInfo::get_Permissions()
FNDA:0,System.Collections.Generic.List`1<System.String> Login.Api.Features.Shared.ViewModels.SiteInfo::get_Permissions()
DA:18,0
FN:9,System.Void Login.Api.Features.Shared.ViewModels.SiteInfo::.ctor()
FNDA:0,System.Void Login.Api.Features.Shared.ViewModels.SiteInfo::.ctor()
DA:10,0
DA:11,0
DA:12,0
DA:13,0
LF:8
LH:0
BRF:0
BRH:0
FNF:5
FNH:0
end_of_record
SF:d:\Development\dotnet\login.binggl.net.core\Login.Api\Features\Shared\ViewModels\UserInfo.cs
FN:14,System.String Login.Api.Features.Shared.ViewModels.UserInfo::get_ThisSite()
FNDA:0,System.String Login.Api.Features.Shared.ViewModels.UserInfo::get_ThisSite()
DA:15,0
FN:15,System.Boolean Login.Api.Features.Shared.ViewModels.UserInfo::get_Editable()
FNDA:0,System.Boolean Login.Api.Features.Shared.ViewModels.UserInfo::get_Editable()
DA:16,0
FN:16,System.String Login.Api.Features.Shared.ViewModels.UserInfo::get_Id()
FNDA:0,System.String Login.Api.Features.Shared.ViewModels.UserInfo::get_Id()
DA:17,0
FN:17,System.String Login.Api.Features.Shared.ViewModels.UserInfo::get_Email()
FNDA:0,System.String Login.Api.Features.Shared.ViewModels.UserInfo::get_Email()
DA:18,0
FN:18,System.String Login.Api.Features.Shared.ViewModels.UserInfo::get_DisplayName()
FNDA:0,System.String Login.Api.Features.Shared.ViewModels.UserInfo::get_DisplayName()
DA:19,0
FN:19,System.String Login.Api.Features.Shared.ViewModels.UserInfo::get_UserName()
FNDA:0,System.String Login.Api.Features.Shared.ViewModels.UserInfo::get_UserName()
DA:20,0
FN:20,System.Collections.Generic.List`1<Login.Api.Features.Shared.ViewModels.SiteInfo> Login.Api.Features.Shared.ViewModels.UserInfo::get_SitePermissions()
FNDA:0,System.Collections.Generic.List`1<Login.Api.Features.Shared.ViewModels.SiteInfo> Login.Api.Features.Shared.ViewModels.UserInfo::get_SitePermissions()
DA:21,0
FN:9,System.Void Login.Api.Features.Shared.ViewModels.UserInfo::.ctor()
FNDA:0,System.Void Login.Api.Features.Shared.ViewModels.UserInfo::.ctor()
DA:10,0
DA:11,0
DA:12,0
DA:13,0
LF:11
LH:0
BRF:0
BRH:0
FNF:8
FNH:0
end_of_record
SF:d:\Development\dotnet\login.binggl.net.core\Login.Api\Features\Shared\Persistence\ContextInitializer.cs
FN:10,System.Void Login.Api.Features.Shared.Persistence.ContextInitializer::InitialData(Login.Api.Features.Shared.Persistence.LoginContext)
FNDA:0,System.Void Login.Api.Features.Shared.Persistence.ContextInitializer::InitialData(Login.Api.Features.Shared.Persistence.LoginContext)
DA:11,0
DA:12,0
DA:14,0
DA:15,0
DA:16,0
DA:19,0
DA:21,0
DA:23,0
DA:25,0
DA:26,0
BRDA:14,26,0,0
BRDA:14,26,1,0
LF:10
LH:0
BRF:2
BRH:0
FNF:1
FNH:0
end_of_record
SF:d:\Development\dotnet\login.binggl.net.core\Login.Api\Features\Shared\Persistence\LoginContext.cs
FN:15,Microsoft.EntityFrameworkCore.DbSet`1<Login.Api.Features.Shared.Models.Login> Login.Api.Features.Shared.Persistence.LoginContext::get_Logins()
FNDA:12,Microsoft.EntityFrameworkCore.DbSet`1<Login.Api.Features.Shared.Models.Login> Login.Api.Features.Shared.Persistence.LoginContext::get_Logins()
DA:16,12
FN:16,Microsoft.EntityFrameworkCore.DbSet`1<Login.Api.Features.Shared.Models.UserSite> Login.Api.Features.Shared.Persistence.LoginContext::get_UserSites()
FNDA:14,Microsoft.EntityFrameworkCore.DbSet`1<Login.Api.Features.Shared.Models.UserSite> Login.Api.Features.Shared.Persistence.LoginContext::get_UserSites()
DA:17,14
FN:17,Microsoft.EntityFrameworkCore.DbSet`1<Login.Api.Features.Shared.Models.User> Login.Api.Features.Shared.Persistence.LoginContext::get_Users()
FNDA:13,Microsoft.EntityFrameworkCore.DbSet`1<Login.Api.Features.Shared.Models.User> Login.Api.Features.Shared.Persistence.LoginContext::get_Users()
DA:18,13
FN:21,System.Int32 Login.Api.Features.Shared.Persistence.LoginContext::SaveChanges()
FNDA:10,System.Int32 Login.Api.Features.Shared.Persistence.LoginContext::SaveChanges()
DA:22,10
DA:23,10
DA:24,10
DA:25,10
FN:27,System.Int32 Login.Api.Features.Shared.Persistence.LoginContext::SaveChanges(System.Boolean)
FNDA:10,System.Int32 Login.Api.Features.Shared.Persistence.LoginContext::SaveChanges(System.Boolean)
DA:28,10
DA:29,10
DA:30,10
DA:31,10
FN:39,System.Threading.Tasks.Task`1<System.Int32> Login.Api.Features.Shared.Persistence.LoginContext::SaveChangesAsync(System.Boolean,System.Threading.CancellationToken)
FNDA:1,System.Threading.Tasks.Task`1<System.Int32> Login.Api.Features.Shared.Persistence.LoginContext::SaveChangesAsync(System.Boolean,System.Threading.CancellationToken)
DA:40,1
DA:41,1
DA:42,1
DA:43,1
FN:46,System.Void Login.Api.Features.Shared.Persistence.LoginContext::OnModelCreating(Microsoft.EntityFrameworkCore.ModelBuilder)
FNDA:2,System.Void Login.Api.Features.Shared.Persistence.LoginContext::OnModelCreating(Microsoft.EntityFrameworkCore.ModelBuilder)
DA:47,2
DA:48,2
DA:50,2
DA:51,4
DA:52,4
DA:53,4
DA:54,2
DA:55,4
DA:56,4
DA:57,4
DA:58,4
DA:60,2
DA:61,4
DA:62,4
DA:63,4
DA:64,2
DA:65,4
DA:66,4
DA:67,4
DA:68,4
DA:69,4
DA:70,4
DA:71,2
DA:72,4
DA:73,4
DA:75,2
DA:76,4
DA:77,4
DA:78,4
DA:79,4
DA:80,4
DA:81,4
DA:82,4
DA:83,4
DA:84,2
BRDA:50,16,0,1
BRDA:50,16,1,2
BRDA:60,54,0,1
BRDA:60,54,1,2
BRDA:75,92,0,1
BRDA:75,92,1,2
FN:86,System.Void Login.Api.Features.Shared.Persistence.LoginContext::PreProcessModelUpdates()
FNDA:22,System.Void Login.Api.Features.Shared.Persistence.LoginContext::PreProcessModelUpdates()
DA:87,22
DA:88,22
DA:89,22
FN:91,System.Void Login.Api.Features.Shared.Persistence.LoginContext::AddTimestamps()
FNDA:22,System.Void Login.Api.Features.Shared.Persistence.LoginContext::AddTimestamps()
DA:92,22
DA:93,110
DA:94,22
DA:95,0
DA:97,150
DA:98,42
DA:99,42
DA:100,40
DA:101,40
DA:102,40
DA:104,42
DA:105,42
DA:106,22
BRDA:93,18,0,89
BRDA:93,18,1,22
BRDA:94,55,1,22
BRDA:97,145,1,42
BRDA:99,90,0,40
BRDA:99,90,1,42
BRDA:97,145,0,22
BRDA:94,55,0,22
FN:12,System.Void Login.Api.Features.Shared.Persistence.LoginContext::.ctor(Microsoft.EntityFrameworkCore.DbContextOptions`1<Login.Api.Features.Shared.Persistence.LoginContext>)
FNDA:4,System.Void Login.Api.Features.Shared.Persistence.LoginContext::.ctor(Microsoft.EntityFrameworkCore.DbContextOptions`1<Login.Api.Features.Shared.Persistence.LoginContext>)
DA:13,4
DA:14,8
FN:33,System.Void Login.Api.Features.Shared.Persistence.LoginContext/<SaveChangesAsync>d__15::MoveNext()
FNDA:1,System.Void Login.Api.Features.Shared.Persistence.LoginContext/<SaveChangesAsync>d__15::MoveNext()
DA:34,1
DA:35,1
DA:36,1
DA:37,1
BRDA:36,57,1,1
LF:72
LH:71
BRF:17
BRH:17
FNF:11
FNH:11
end_of_record
SF:d:\Development\dotnet\login.binggl.net.core\Login.Api\Features\Shared\Models\BaseModel.cs
FN:8,System.DateTime Login.Api.Features.Shared.Models.BaseModel::get_Created()
FNDA:275,System.DateTime Login.Api.Features.Shared.Models.BaseModel::get_Created()
DA:9,275
FN:9,System.DateTime Login.Api.Features.Shared.Models.BaseModel::get_Modified()
FNDA:276,System.DateTime Login.Api.Features.Shared.Models.BaseModel::get_Modified()
DA:10,276
LF:2
LH:2
BRF:0
BRH:0
FNF:2
FNH:2
end_of_record
SF:d:\Development\dotnet\login.binggl.net.core\Login.Api\Features\Shared\Models\JwtPayload.cs
FN:13,System.String Login.Api.Features.Shared.Models.JwtPayload::get_jti()
FNDA:0,System.String Login.Api.Features.Shared.Models.JwtPayload::get_jti()
DA:14,0
FN:14,System.Int64 Login.Api.Features.Shared.Models.JwtPayload::get_iat()
FNDA:0,System.Int64 Login.Api.Features.Shared.Models.JwtPayload::get_iat()
DA:15,0
FN:15,System.String Login.Api.Features.Shared.Models.JwtPayload::get_iss()
FNDA:0,System.String Login.Api.Features.Shared.Models.JwtPayload::get_iss()
DA:16,0
FN:16,System.Int64 Login.Api.Features.Shared.Models.JwtPayload::get_exp()
FNDA:0,System.Int64 Login.Api.Features.Shared.Models.JwtPayload::get_exp()
DA:17,0
FN:17,System.String Login.Api.Features.Shared.Models.JwtPayload::get_sub()
FNDA:0,System.String Login.Api.Features.Shared.Models.JwtPayload::get_sub()
DA:18,0
FN:19,System.String Login.Api.Features.Shared.Models.JwtPayload::get_Type()
FNDA:0,System.String Login.Api.Features.Shared.Models.JwtPayload::get_Type()
DA:20,0
FN:20,System.String Login.Api.Features.Shared.Models.JwtPayload::get_UserName()
FNDA:0,System.String Login.Api.Features.Shared.Models.JwtPayload::get_UserName()
DA:21,0
FN:21,System.String Login.Api.Features.Shared.Models.JwtPayload::get_Email()
FNDA:0,System.String Login.Api.Features.Shared.Models.JwtPayload::get_Email()
DA:22,0
FN:22,System.Collections.Generic.List`1<System.String> Login.Api.Features.Shared.Models.JwtPayload::get_Claims()
FNDA:0,System.Collections.Generic.List`1<System.String> Login.Api.Features.Shared.Models.JwtPayload::get_Claims()
DA:23,0
FN:23,System.String Login.Api.Features.Shared.Models.JwtPayload::get_UserId()
FNDA:0,System.String Login.Api.Features.Shared.Models.JwtPayload::get_UserId()
DA:24,0
FN:24,System.String Login.Api.Features.Shared.Models.JwtPayload::get_DisplayName()
FNDA:0,System.String Login.Api.Features.Shared.Models.JwtPayload::get_DisplayName()
DA:25,0
FN:25,System.String Login.Api.Features.Shared.Models.JwtPayload::get_Surname()
FNDA:0,System.String Login.Api.Features.Shared.Models.JwtPayload::get_Surname()
DA:26,0
FN:26,System.String Login.Api.Features.Shared.Models.JwtPayload::get_GivenName()
FNDA:0,System.String Login.Api.Features.Shared.Models.JwtPayload::get_GivenName()
DA:27,0
FN:8,System.Void Login.Api.Features.Shared.Models.JwtPayload::.ctor()
FNDA:0,System.Void Login.Api.Features.Shared.Models.JwtPayload::.ctor()
DA:9,0
DA:10,0
DA:11,0
DA:12,0
LF:17
LH:0
BRF:0
BRH:0
FNF:14
FNH:0
end_of_record
SF:d:\Development\dotnet\login.binggl.net.core\Login.Api\Features\Shared\Models\Login.cs
FN:11,System.Int32 Login.Api.Features.Shared.Models.Login::get_Id()
FNDA:197,System.Int32 Login.Api.Features.Shared.Models.Login::get_Id()
DA:12,197
FN:12,System.String Login.Api.Features.Shared.Models.Login::get_UserDisplayName()
FNDA:98,System.String Login.Api.Features.Shared.Models.Login::get_UserDisplayName()
DA:13,98
FN:13,System.String Login.Api.Features.Shared.Models.Login::get_UserName()
FNDA:98,System.String Login.Api.Features.Shared.Models.Login::get_UserName()
DA:14,98
FN:14,Login.Api.Features.Shared.Models.LoginType Login.Api.Features.Shared.Models.Login::get_Type()
FNDA:91,Login.Api.Features.Shared.Models.LoginType Login.Api.Features.Shared.Models.Login::get_Type()
DA:15,91
FN:8,System.Void Login.Api.Features.Shared.Models.Login::.ctor()
FNDA:7,System.Void Login.Api.Features.Shared.Models.Login::.ctor()
DA:9,7
DA:10,14
LF:6
LH:6
BRF:0
BRH:0
FNF:5
FNH:5
end_of_record
SF:d:\Development\dotnet\login.binggl.net.core\Login.Api\Features\Shared\Models\User.cs
FN:13,System.String Login.Api.Features.Shared.Models.User::get_Name()
FNDA:73,System.String Login.Api.Features.Shared.Models.User::get_Name()
DA:14,73
FN:14,System.String Login.Api.Features.Shared.Models.User::get_Email()
FNDA:177,System.String Login.Api.Features.Shared.Models.User::get_Email()
DA:15,177
FN:15,System.String Login.Api.Features.Shared.Models.User::get_DisplayName()
FNDA:72,System.String Login.Api.Features.Shared.Models.User::get_DisplayName()
DA:16,72
FN:16,System.Collections.Generic.List`1<Login.Api.Features.Shared.Models.UserSite> Login.Api.Features.Shared.Models.User::get_Sites()
FNDA:85,System.Collections.Generic.List`1<Login.Api.Features.Shared.Models.UserSite> Login.Api.Features.Shared.Models.User::get_Sites()
DA:17,85
FN:18,System.Byte[] Login.Api.Features.Shared.Models.User::get_Timestamp()
FNDA:60,System.Byte[] Login.Api.Features.Shared.Models.User::get_Timestamp()
DA:19,60
FN:22,System.String Login.Api.Features.Shared.Models.User::ToString()
FNDA:0,System.String Login.Api.Features.Shared.Models.User::ToString()
DA:23,0
DA:24,0
DA:25,0
FN:8,System.Void Login.Api.Features.Shared.Models.User::.ctor()
FNDA:6,System.Void Login.Api.Features.Shared.Models.User::.ctor()
DA:9,6
DA:10,6
DA:11,6
DA:12,6
LF:12
LH:9
BRF:0
BRH:0
FNF:7
FNH:6
end_of_record
SF:d:\Development\dotnet\login.binggl.net.core\Login.Api\Features\Shared\Models\UserSite.cs
FN:15,System.String Login.Api.Features.Shared.Models.UserSite::get_Id()
FNDA:140,System.String Login.Api.Features.Shared.Models.UserSite::get_Id()
DA:16,140
FN:16,System.String Login.Api.Features.Shared.Models.UserSite::get_Name()
FNDA:67,System.String Login.Api.Features.Shared.Models.UserSite::get_Name()
DA:17,67
FN:17,System.String Login.Api.Features.Shared.Models.UserSite::get_Url()
FNDA:65,System.String Login.Api.Features.Shared.Models.UserSite::get_Url()
DA:18,65
FN:21,System.Collections.Generic.List`1<System.String> Login.Api.Features.Shared.Models.UserSite::get_Permissions()
FNDA:1,System.Collections.Generic.List`1<System.String> Login.Api.Features.Shared.Models.UserSite::get_Permissions()
DA:22,1
DA:23,1
DA:24,1
DA:26,7
DA:27,2
DA:28,2
DA:29,2
DA:30,1
DA:31,1
BRDA:26,65,1,2
BRDA:26,65,0,1
FN:32,System.Void Login.Api.Features.Shared.Models.UserSite::set_Permissions(System.Collections.Generic.List`1<System.String>)
FNDA:8,System.Void Login.Api.Features.Shared.Models.UserSite::set_Permissions(System.Collections.Generic.List`1<System.String>)
DA:33,8
DA:34,8
DA:35,8
FN:37,System.String Login.Api.Features.Shared.Models.UserSite::get_PermissionList()
FNDA:73,System.String Login.Api.Features.Shared.Models.UserSite::get_PermissionList()
DA:38,73
FN:39,System.Byte[] Login.Api.Features.Shared.Models.UserSite::get_Timestamp()
FNDA:50,System.Byte[] Login.Api.Features.Shared.Models.UserSite::get_Timestamp()
DA:40,50
FN:41,System.String Login.Api.Features.Shared.Models.UserSite::get_UserEmail()
FNDA:149,System.String Login.Api.Features.Shared.Models.UserSite::get_UserEmail()
DA:42,149
FN:42,Login.Api.Features.Shared.Models.User Login.Api.Features.Shared.Models.UserSite::get_User()
FNDA:74,Login.Api.Features.Shared.Models.User Login.Api.Features.Shared.Models.UserSite::get_User()
DA:43,74
FN:10,System.Void Login.Api.Features.Shared.Models.UserSite::.ctor()
FNDA:7,System.Void Login.Api.Features.Shared.Models.UserSite::.ctor()
DA:11,7
DA:12,7
DA:13,7
DA:14,7
LF:23
LH:23
BRF:2
BRH:2
FNF:10
FNH:10
end_of_record
SF:d:\Development\dotnet\login.binggl.net.core\Login.Api\Features\Authentication\AuthenticationController.cs
FN:65,Microsoft.AspNetCore.Mvc.IActionResult Login.Api.Features.Authentication.AuthenticationController::LogOff()
FNDA:0,Microsoft.AspNetCore.Mvc.IActionResult Login.Api.Features.Authentication.AuthenticationController::LogOff()
DA:66,0
DA:67,0
DA:69,0
DA:70,0
DA:71,0
DA:72,0
DA:73,0
DA:75,0
DA:76,0
FN:160,Microsoft.AspNetCore.Mvc.ActionResult Login.Api.Features.Authentication.AuthenticationController::PrepareErrorResult(System.String)
FNDA:0,Microsoft.AspNetCore.Mvc.ActionResult Login.Api.Features.Authentication.AuthenticationController::PrepareErrorResult(System.String)
DA:161,0
DA:162,0
DA:163,0
DA:165,0
DA:166,0
DA:168,0
DA:169,0
DA:170,0
DA:171,0
DA:172,0
DA:173,0
DA:175,0
DA:176,0
DA:177,0
DA:178,0
DA:179,0
DA:180,0
BRDA:165,48,0,0
BRDA:165,48,1,0
BRDA:169,89,0,0
BRDA:169,89,1,0
FN:242,Microsoft.AspNetCore.Mvc.IActionResult Login.Api.Features.Authentication.AuthenticationController::Index()
FNDA:0,Microsoft.AspNetCore.Mvc.IActionResult Login.Api.Features.Authentication.AuthenticationController::Index()
DA:243,0
DA:244,0
DA:245,0
FN:248,System.Void Login.Api.Features.Authentication.AuthenticationController::CommonViewData()
FNDA:0,System.Void Login.Api.Features.Authentication.AuthenticationController::CommonViewData()
DA:249,0
DA:250,0
DA:251,0
DA:252,0
FN:256,System.String Login.Api.Features.Authentication.AuthenticationController::get_AuthenticatedUserEmail()
FNDA:0,System.String Login.Api.Features.Authentication.AuthenticationController::get_AuthenticatedUserEmail()
DA:257,0
DA:258,0
DA:259,0
BRDA:258,17,0,0
BRDA:258,17,1,0
BRDA:258,43,0,0
BRDA:258,43,1,0
BRDA:258,79,0,0
BRDA:258,79,1,0
FN:262,System.String Login.Api.Features.Authentication.AuthenticationController::Hash(System.String)
FNDA:0,System.String Login.Api.Features.Authentication.AuthenticationController::Hash(System.String)
DA:263,0
DA:264,0
DA:265,0
DA:266,0
DA:267,0
DA:269,0
FN:49,System.Void Login.Api.Features.Authentication.AuthenticationController::.ctor(Microsoft.AspNetCore.Mvc.Localization.IHtmlLocalizer`1<Login.Api.Features.Authentication.AuthenticationController>,Microsoft.Extensions.Logging.ILogger`1<Login.Api.Features.Authentication.AuthenticationController>,Commons.Api.FlashScope.IFlashService,Commons.Api.Messages.IMessageIntegrity,Login.Api.Features.User.ILoginService,Microsoft.Extensions.Options.IOptions`1<Login.Api.Infrastructure.Configuration.ApplicationConfiguration>)
FNDA:0,System.Void Login.Api.Features.Authentication.AuthenticationController::.ctor(Microsoft.AspNetCore.Mvc.Localization.IHtmlLocalizer`1<Login.Api.Features.Authentication.AuthenticationController>,Microsoft.Extensions.Logging.ILogger`1<Login.Api.Features.Authentication.AuthenticationController>,Commons.Api.FlashScope.IFlashService,Commons.Api.Messages.IMessageIntegrity,Login.Api.Features.User.ILoginService,Microsoft.Extensions.Options.IOptions`1<Login.Api.Infrastructure.Configuration.ApplicationConfiguration>)
DA:50,0
DA:51,0
DA:52,0
DA:53,0
DA:54,0
DA:55,0
DA:56,0
FN:31,System.Void Login.Api.Features.Authentication.AuthenticationController::.cctor()
FNDA:0,System.Void Login.Api.Features.Authentication.AuthenticationController::.cctor()
DA:32,0
FN:84,System.Void Login.Api.Features.Authentication.AuthenticationController/<Logout>d__7::MoveNext()
FNDA:0,System.Void Login.Api.Features.Authentication.AuthenticationController/<Logout>d__7::MoveNext()
DA:85,0
DA:86,0
DA:88,0
DA:89,0
DA:90,0
DA:91,0
DA:92,0
DA:93,0
DA:94,0
DA:95,0
DA:97,0
DA:98,0
DA:99,0
DA:100,0
DA:101,0
DA:103,0
DA:104,0
DA:105,0
DA:106,0
DA:107,0
DA:109,0
DA:110,0
BRDA:85,14,0,0
BRDA:89,201,1,0
BRDA:89,201,0,0
BRDA:97,265,0,0
BRDA:99,305,0,0
BRDA:99,305,1,0
BRDA:100,418,0,0
BRDA:85,14,1,0
BRDA:100,418,1,0
BRDA:97,265,1,0
FN:121,System.Void Login.Api.Features.Authentication.AuthenticationController/<AuthenticationFlow>d__8::MoveNext()
FNDA:0,System.Void Login.Api.Features.Authentication.AuthenticationController/<AuthenticationFlow>d__8::MoveNext()
DA:122,0
DA:123,0
DA:124,0
DA:125,0
DA:129,0
DA:130,0
DA:131,0
DA:132,0
DA:133,0
DA:134,0
DA:135,0
DA:137,0
DA:140,0
DA:141,0
DA:142,0
DA:143,0
DA:144,0
DA:147,0
DA:148,0
DA:149,0
DA:150,0
DA:151,0
DA:152,0
DA:153,0
DA:154,0
DA:156,0
DA:158,0
BRDA:123,29,0,0
BRDA:123,29,1,0
BRDA:123,47,0,0
BRDA:123,47,1,0
BRDA:129,79,0,0
BRDA:129,79,1,0
BRDA:141,192,0,0
BRDA:141,192,1,0
BRDA:142,309,0,0
BRDA:142,309,1,0
BRDA:147,364,0,0
BRDA:147,364,1,0
FN:189,System.Void Login.Api.Features.Authentication.AuthenticationController/<Login>d__10::MoveNext()
FNDA:0,System.Void Login.Api.Features.Authentication.AuthenticationController/<Login>d__10::MoveNext()
DA:190,0
DA:191,0
DA:192,0
DA:193,0
DA:194,0
DA:196,0
DA:197,0
DA:198,0
DA:199,0
DA:200,0
BRDA:196,57,0,0
BRDA:196,57,1,0
BRDA:196,93,0,0
BRDA:198,136,0,0
BRDA:198,136,1,0
BRDA:196,93,1,0
FN:204,System.Void Login.Api.Features.Authentication.AuthenticationController/<ReLogin>d__11::MoveNext()
FNDA:0,System.Void Login.Api.Features.Authentication.AuthenticationController/<ReLogin>d__11::MoveNext()
DA:205,0
DA:206,0
DA:207,0
DA:209,0
DA:210,0
DA:211,0
DA:212,0
DA:213,0
DA:214,0
DA:215,0
DA:216,0
DA:218,0
DA:219,0
DA:220,0
DA:221,0
DA:222,0
DA:224,0
DA:225,0
DA:226,0
DA:227,0
DA:229,0
DA:230,0
DA:232,0
DA:233,0
DA:234,0
DA:235,0
BRDA:206,59,0,0
BRDA:206,59,1,0
BRDA:206,92,0,0
BRDA:210,258,1,0
BRDA:210,258,0,0
BRDA:218,322,0,0
BRDA:220,362,0,0
BRDA:220,362,1,0
BRDA:221,475,0,0
BRDA:221,475,1,0
BRDA:218,322,1,0
BRDA:229,620,0,0
BRDA:229,620,1,0
BRDA:206,92,1,0
LF:135
LH:0
BRF:52
BRH:0
FNF:12
FNH:0
end_of_record
SF:d:\Development\dotnet\login.binggl.net.core\Login.Api\Features\Authentication\Error.cshtml
FN:4,System.Void AspNetCore.Features_Authentication_Error/<ExecuteAsync>d__0::MoveNext()
FNDA:0,System.Void AspNetCore.Features_Authentication_Error/<ExecuteAsync>d__0::MoveNext()
DA:5,0
DA:6,0
DA:15,0
DA:18,0
DA:19,0
DA:22,0
DA:23,0
DA:25,0
DA:27,0
DA:28,0
DA:31,0
DA:33,0
DA:51,0
DA:62,0
BRDA:27,635,0,0
BRDA:27,635,1,0
LF:14
LH:0
BRF:2
BRH:0
FNF:1
FNH:0
end_of_record
SF:d:\Development\dotnet\login.binggl.net.core\Login.Api\Features\Shared\_Layout.cshtml
FN:11,System.Void AspNetCore.Features_Shared__Layout/<<ExecuteAsync>b__8_0>d::MoveNext()
FNDA:0,System.Void AspNetCore.Features_Shared__Layout/<<ExecuteAsync>b__8_0>d::MoveNext()
DA:12,0
FN:23,System.Void AspNetCore.Features_Shared__Layout/<<ExecuteAsync>b__8_1>d::MoveNext()
FNDA:0,System.Void AspNetCore.Features_Shared__Layout/<<ExecuteAsync>b__8_1>d::MoveNext()
DA:24,0
DA:28,0
LF:3
LH:0
BRF:0
BRH:0
FNF:2
FNH:0
end_of_record